d:\lvgl\git_lvgl_v8\lvgl\output\objects\debug\lvgl.simulator\x64\img_benchmark_cogwheel_indexed16.obj
d:\lvgl\git_lvgl_v8\lvgl\output\objects\debug\lvgl.simulator\x64\img_lv_demo_music_btn_next_large.obj
d:\lvgl\git_lvgl_v8\lvgl\output\objects\debug\lvgl.simulator\x64\img_lv_demo_music_icon_4_large.obj
d:\lvgl\git_lvgl_v8\lvgl\output\objects\debug\lvgl.simulator\x64\lv_demo_stress.obj
d:\lvgl\git_lvgl_v8\lvgl\output\objects\debug\lvgl.simulator\x64\animimg002.obj
d:\lvgl\git_lvgl_v8\lvgl\output\objects\debug\lvgl.simulator\x64\lv_example_get_started_1.obj
d:\lvgl\git_lvgl_v8\lvgl\output\objects\debug\lvgl.simulator\x64\lv_example_bmp_1.obj
d:\lvgl\git_lvgl_v8\lvgl\output\objects\debug\lvgl.simulator\x64\lv_example_gridnav_2.obj
d:\lvgl\git_lvgl_v8\lvgl\output\objects\debug\lvgl.simulator\x64\lv_example_scroll_1.obj
d:\lvgl\git_lvgl_v8\lvgl\output\objects\debug\lvgl.simulator\x64\lv_example_style_5.obj
d:\lvgl\git_lvgl_v8\lvgl\output\objects\debug\lvgl.simulator\x64\lv_example_btn_3.obj
d:\lvgl\git_lvgl_v8\lvgl\output\objects\debug\lvgl.simulator\x64\lv_example_checkbox_1.obj
d:\lvgl\git_lvgl_v8\lvgl\output\objects\debug\lvgl.simulator\x64\lv_example_label_5.obj
d:\lvgl\git_lvgl_v8\lvgl\output\objects\debug\lvgl.simulator\x64\lv_example_obj_1.obj
d:\lvgl\git_lvgl_v8\lvgl\output\objects\debug\lvgl.simulator\x64\lv_example_table_2.obj
d:\lvgl\git_lvgl_v8\lvgl\output\objects\debug\lvgl.simulator\x64\lv_obj_scroll.obj
d:\lvgl\git_lvgl_v8\lvgl\output\objects\debug\lvgl.simulator\x64\lv_draw_sdl_rect.obj
d:\lvgl\git_lvgl_v8\lvgl\output\objects\debug\lvgl.simulator\x64\lv_draw_sw_rect.obj
d:\lvgl\git_lvgl_v8\lvgl\output\objects\debug\lvgl.simulator\x64\lv_fs_fatfs.obj
d:\lvgl\git_lvgl_v8\lvgl\output\objects\debug\lvgl.simulator\x64\lv_msg.obj
d:\lvgl\git_lvgl_v8\lvgl\output\objects\debug\lvgl.simulator\x64\lv_keyboard.obj
d:\lvgl\git_lvgl_v8\lvgl\output\objects\debug\lvgl.simulator\x64\lv_tabview.obj
d:\lvgl\git_lvgl_v8\lvgl\output\objects\debug\lvgl.simulator\x64\lv_font_montserrat_28.obj
d:\lvgl\git_lvgl_v8\lvgl\output\objects\debug\lvgl.simulator\x64\lv_hal_disp.obj
d:\lvgl\git_lvgl_v8\lvgl\output\objects\debug\lvgl.simulator\x64\lv_async.obj
d:\lvgl\git_lvgl_v8\lvgl\output\objects\debug\lvgl.simulator\x64\lv_style.obj
d:\lvgl\git_lvgl_v8\lvgl\output\objects\debug\lvgl.simulator\x64\lv_label.obj
d:\lvgl\git_lvgl_v8\lvgl\output\objects\debug\lvgl.simulator\x64\test_fs.obj
d:\lvgl\git_lvgl_v8\lvgl\output\objects\debug\lvgl.simulator\x64\_test_template.obj
d:\lvgl\git_lvgl_v8\lvgl\output\objects\debug\lvgl.simulator\x64\ad_touch.obj
d:\lvgl\git_lvgl_v8\lvgl\output\objects\debug\lvgl.simulator\x64\lv_font_arial_40.obj
d:\lvgl\git_lvgl_v8\lvgl\output\objects\debug\lvgl.simulator\x64\coffeepour_animimg_coffeef12.obj
d:\lvgl\git_lvgl_v8\lvgl\output\objects\debug\lvgl.simulator\x64\coffeepour_animimg_coffeef23.obj
d:\lvgl\git_lvgl_v8\lvgl\output\objects\debug\lvgl.simulator\x64\saver_events_init.obj
d:\lvgl\git_lvgl_v8\lvgl\output\objects\debug\lvgl.simulator\x64\ftotval.obj
d:\lvgl\git_lvgl_v8\lvgl\output\objects\debug\lvgl.simulator\x64\pfr.obj
d:\lvgl\git_lvgl_v8\lvgl\output\objects\debug\lvgl.simulator\x64\ftsystem.obj
d:\lvgl\git_lvgl_v8\lvgl\output\objects\debug\lvgl.simulator\x64\img_lv_demo_music_btn_corner_large.obj
d:\lvgl\git_lvgl_v8\lvgl\output\objects\debug\lvgl.simulator\x64\img_lv_demo_music_btn_next.obj
d:\lvgl\git_lvgl_v8\lvgl\output\objects\debug\lvgl.simulator\x64\img_lv_demo_music_cover_3.obj
d:\lvgl\git_lvgl_v8\lvgl\output\objects\debug\lvgl.simulator\x64\lv_demo_music.obj
d:\lvgl\git_lvgl_v8\lvgl\output\objects\debug\lvgl.simulator\x64\lv_example_anim_2.obj
d:\lvgl\git_lvgl_v8\lvgl\output\objects\debug\lvgl.simulator\x64\img_cogwheel_rgb.obj
d:\lvgl\git_lvgl_v8\lvgl\output\objects\debug\lvgl.simulator\x64\lv_example_flex_2.obj
d:\lvgl\git_lvgl_v8\lvgl\output\objects\debug\lvgl.simulator\x64\lv_example_ffmpeg_1.obj
d:\lvgl\git_lvgl_v8\lvgl\output\objects\debug\lvgl.simulator\x64\lv_example_gridnav_3.obj
d:\lvgl\git_lvgl_v8\lvgl\output\objects\debug\lvgl.simulator\x64\lv_example_scroll_6.obj
d:\lvgl\git_lvgl_v8\lvgl\output\objects\debug\lvgl.simulator\x64\lv_example_style_9.obj
d:\lvgl\git_lvgl_v8\lvgl\output\objects\debug\lvgl.simulator\x64\lv_example_btnmatrix_3.obj
d:\lvgl\git_lvgl_v8\lvgl\output\objects\debug\lvgl.simulator\x64\lv_example_dropdown_1.obj
d:\lvgl\git_lvgl_v8\lvgl\output\objects\debug\lvgl.simulator\x64\lv_example_line_1.obj
d:\lvgl\git_lvgl_v8\lvgl\output\objects\debug\lvgl.simulator\x64\lv_example_roller_1.obj
d:\lvgl\git_lvgl_v8\lvgl\output\objects\debug\lvgl.simulator\x64\lv_example_tileview_1.obj
d:\lvgl\git_lvgl_v8\lvgl\output\objects\debug\lvgl.simulator\x64\lv_draw_vglite_arc.obj
d:\lvgl\git_lvgl_v8\lvgl\output\objects\debug\lvgl.simulator\x64\lv_draw_sdl_arc.obj
d:\lvgl\git_lvgl_v8\lvgl\output\objects\debug\lvgl.simulator\x64\lv_draw_sw_blend.obj
d:\lvgl\git_lvgl_v8\lvgl\output\objects\debug\lvgl.simulator\x64\lv_draw_triangle.obj
d:\lvgl\git_lvgl_v8\lvgl\output\objects\debug\lvgl.simulator\x64\lv_png.obj
d:\lvgl\git_lvgl_v8\lvgl\output\objects\debug\lvgl.simulator\x64\lv_calendar_header_dropdown.obj
d:\lvgl\git_lvgl_v8\lvgl\output\objects\debug\lvgl.simulator\x64\lv_spinbox.obj
d:\lvgl\git_lvgl_v8\lvgl\output\objects\debug\lvgl.simulator\x64\lv_font_montserrat_22.obj
d:\lvgl\git_lvgl_v8\lvgl\output\objects\debug\lvgl.simulator\x64\lv_font_montserrat_46.obj
d:\lvgl\git_lvgl_v8\lvgl\output\objects\debug\lvgl.simulator\x64\lv_bar.obj
d:\lvgl\git_lvgl_v8\lvgl\output\objects\debug\lvgl.simulator\x64\test_checkbox.obj
d:\lvgl\git_lvgl_v8\lvgl\output\objects\debug\lvgl.simulator\x64\test_snapshot.obj
d:\lvgl\git_lvgl_v8\lvgl\output\objects\debug\lvgl.simulator\x64\lv_test_init.obj
d:\lvgl\git_lvgl_v8\lvgl\output\objects\debug\lvgl.simulator\x64\evdev.obj
d:\lvgl\git_lvgl_v8\lvgl\output\objects\debug\lvgl.simulator\x64\lv_font_montserratmedium_13.obj
d:\lvgl\git_lvgl_v8\lvgl\output\objects\debug\lvgl.simulator\x64\coffeepour_animimg_coffeef02.obj
d:\lvgl\git_lvgl_v8\lvgl\output\objects\debug\lvgl.simulator\x64\coffeepour_animimg_coffeef16.obj
d:\lvgl\git_lvgl_v8\lvgl\output\objects\debug\lvgl.simulator\x64\coffeepour_animimg_coffeef31.obj
d:\lvgl\git_lvgl_v8\lvgl\output\objects\debug\lvgl.simulator\x64\ftbdf.obj
d:\lvgl\git_lvgl_v8\lvgl\output\objects\debug\lvgl.simulator\x64\ftsynth.obj
d:\lvgl\git_lvgl_v8\lvgl\output\objects\debug\lvgl.simulator\x64\sfnt.obj
d:\lvgl\git_lvgl_v8\lvgl\output\objects\debug\lvgl.simulator\x64\img_benchmark_cogwheel_rgb.obj
d:\lvgl\git_lvgl_v8\lvgl\output\objects\debug\lvgl.simulator\x64\img_lv_demo_music_corner_left_large.obj
d:\lvgl\git_lvgl_v8\lvgl\output\objects\debug\lvgl.simulator\x64\img_lv_demo_music_icon_2_large.obj
d:\lvgl\git_lvgl_v8\lvgl\output\objects\debug\lvgl.simulator\x64\img_lv_demo_music_slider_knob_large.obj
d:\lvgl\git_lvgl_v8\lvgl\output\objects\debug\lvgl.simulator\x64\lv_rt_thread_port.obj
d:\lvgl\git_lvgl_v8\lvgl\output\objects\debug\lvgl.simulator\x64\lv_example_anim_timeline_1.obj
d:\lvgl\git_lvgl_v8\lvgl\output\objects\debug\lvgl.simulator\x64\img_cogwheel_indexed16.obj
d:\lvgl\git_lvgl_v8\lvgl\output\objects\debug\lvgl.simulator\x64\lv_example_get_started_2.obj
d:\lvgl\git_lvgl_v8\lvgl\output\objects\debug\lvgl.simulator\x64\lv_example_grid_3.obj
d:\lvgl\git_lvgl_v8\lvgl\output\objects\debug\lvgl.simulator\x64\lv_example_rlottie_approve.obj
d:\lvgl\git_lvgl_v8\lvgl\output\objects\debug\lvgl.simulator\x64\lv_example_msg_3.obj
d:\lvgl\git_lvgl_v8\lvgl\output\objects\debug\lvgl.simulator\x64\lv_example_style_3.obj
d:\lvgl\git_lvgl_v8\lvgl\output\objects\debug\lvgl.simulator\x64\lv_example_bar_3.obj
d:\lvgl\git_lvgl_v8\lvgl\output\objects\debug\lvgl.simulator\x64\lv_example_chart_1.obj
d:\lvgl\git_lvgl_v8\lvgl\output\objects\debug\lvgl.simulator\x64\lv_example_img_1.obj
d:\lvgl\git_lvgl_v8\lvgl\output\objects\debug\lvgl.simulator\x64\lv_example_menu_2.obj
d:\lvgl\git_lvgl_v8\lvgl\output\objects\debug\lvgl.simulator\x64\lv_example_span_1.obj
d:\lvgl\git_lvgl_v8\lvgl\output\objects\debug\lvgl.simulator\x64\lv_indev.obj
d:\lvgl\git_lvgl_v8\lvgl\output\objects\debug\lvgl.simulator\x64\lv_theme.obj
d:\lvgl\git_lvgl_v8\lvgl\output\objects\debug\lvgl.simulator\x64\lv_draw_sdl_polygon.obj
d:\lvgl\git_lvgl_v8\lvgl\output\objects\debug\lvgl.simulator\x64\lv_draw.obj
d:\lvgl\git_lvgl_v8\lvgl\output\objects\debug\lvgl.simulator\x64\lv_flex.obj
d:\lvgl\git_lvgl_v8\lvgl\output\objects\debug\lvgl.simulator\x64\lv_sjpg.obj
d:\lvgl\git_lvgl_v8\lvgl\output\objects\debug\lvgl.simulator\x64\lv_colorwheel.obj
d:\lvgl\git_lvgl_v8\lvgl\output\objects\debug\lvgl.simulator\x64\lv_font_loader.obj
d:\lvgl\git_lvgl_v8\lvgl\output\objects\debug\lvgl.simulator\x64\lv_font_montserrat_32.obj
d:\lvgl\git_lvgl_v8\lvgl\output\objects\debug\lvgl.simulator\x64\lv_hal_tick.obj
d:\lvgl\git_lvgl_v8\lvgl\output\objects\debug\lvgl.simulator\x64\lv_font_arial_16.obj
d:\lvgl\git_lvgl_v8\lvgl\output\objects\debug\lvgl.simulator\x64\coffeepour_animimg_coffeef11.obj
d:\lvgl\git_lvgl_v8\lvgl\output\objects\debug\lvgl.simulator\x64\coffeepour_animimg_coffeef27.obj
d:\lvgl\git_lvgl_v8\lvgl\output\objects\debug\lvgl.simulator\x64\saver_setup_scr_screen.obj
d:\lvgl\git_lvgl_v8\lvgl\output\objects\debug\lvgl.simulator\x64\ftpfr.obj
d:\lvgl\git_lvgl_v8\lvgl\output\objects\debug\lvgl.simulator\x64\psmodule.obj
d:\lvgl\git_lvgl_v8\lvgl\output\objects\debug\lvgl.simulator\x64\lv_font_bechmark_montserrat_28_compr_az.c.obj
d:\lvgl\git_lvgl_v8\lvgl\output\objects\debug\lvgl.simulator\x64\img_lv_demo_music_btn_play_large.obj
d:\lvgl\git_lvgl_v8\lvgl\output\objects\debug\lvgl.simulator\x64\img_lv_demo_music_list_border_large.obj
d:\lvgl\git_lvgl_v8\lvgl\output\objects\debug\lvgl.simulator\x64\img_demo_widgets_avatar.obj
d:\lvgl\git_lvgl_v8\lvgl\output\objects\debug\lvgl.simulator\x64\img_hand.obj
d:\lvgl\git_lvgl_v8\lvgl\output\objects\debug\lvgl.simulator\x64\lv_example_flex_1.obj
d:\lvgl\git_lvgl_v8\lvgl\output\objects\debug\lvgl.simulator\x64\img_wink_png.obj
d:\lvgl\git_lvgl_v8\lvgl\output\objects\debug\lvgl.simulator\x64\lv_example_ime_pinyin_1.obj
d:\lvgl\git_lvgl_v8\lvgl\output\objects\debug\lvgl.simulator\x64\lv_example_style_1.obj
d:\lvgl\git_lvgl_v8\lvgl\output\objects\debug\lvgl.simulator\x64\lv_example_arc_1.obj
d:\lvgl\git_lvgl_v8\lvgl\output\objects\debug\lvgl.simulator\x64\lv_example_chart_3.obj
d:\lvgl\git_lvgl_v8\lvgl\output\objects\debug\lvgl.simulator\x64\lv_example_img_2.obj
d:\lvgl\git_lvgl_v8\lvgl\output\objects\debug\lvgl.simulator\x64\lv_example_meter_2.obj
d:\lvgl\git_lvgl_v8\lvgl\output\objects\debug\lvgl.simulator\x64\lv_example_spinner_1.obj
d:\lvgl\git_lvgl_v8\lvgl\output\objects\debug\lvgl.simulator\x64\lv_obj.obj
d:\lvgl\git_lvgl_v8\lvgl\output\objects\debug\lvgl.simulator\x64\lv_draw_sdl_stack_blur.obj
d:\lvgl\git_lvgl_v8\lvgl\output\objects\debug\lvgl.simulator\x64\lv_draw_sw_transform.obj
d:\lvgl\git_lvgl_v8\lvgl\output\objects\debug\lvgl.simulator\x64\lv_img_decoder.obj
d:\lvgl\git_lvgl_v8\lvgl\output\objects\debug\lvgl.simulator\x64\lodepng.obj
d:\lvgl\git_lvgl_v8\lvgl\output\objects\debug\lvgl.simulator\x64\lv_theme_default.obj
d:\lvgl\git_lvgl_v8\lvgl\output\objects\debug\lvgl.simulator\x64\lv_win.obj
d:\lvgl\git_lvgl_v8\lvgl\output\objects\debug\lvgl.simulator\x64\lv_font_montserrat_30.obj
d:\lvgl\git_lvgl_v8\lvgl\output\objects\debug\lvgl.simulator\x64\lv_hal_indev.obj
d:\lvgl\git_lvgl_v8\lvgl\output\objects\debug\lvgl.simulator\x64\lv_fs.obj
d:\lvgl\git_lvgl_v8\lvgl\output\objects\debug\lvgl.simulator\x64\lv_txt_ap.obj
d:\lvgl\git_lvgl_v8\lvgl\output\objects\debug\lvgl.simulator\x64\lv_slider.obj
d:\lvgl\git_lvgl_v8\lvgl\output\objects\debug\lvgl.simulator\x64\test_textarea.obj
d:\lvgl\git_lvgl_v8\lvgl\output\objects\debug\lvgl.simulator\x64\ili9341.obj
d:\lvgl\git_lvgl_v8\lvgl\output\objects\debug\lvgl.simulator\x64\win32drv.obj
d:\lvgl\git_lvgl_v8\lvgl\output\objects\debug\lvgl.simulator\x64\ftglyph.obj
d:\lvgl\git_lvgl_v8\lvgl\output\objects\debug\lvgl.simulator\x64\ftcache.obj
d:\lvgl\git_lvgl_v8\lvgl\output\objects\debug\lvgl.simulator\x64\truetype.obj
d:\lvgl\git_lvgl_v8\lvgl\output\objects\debug\lvgl.simulator\x64\img_benchmark_cogwheel_rgb565a8.obj
d:\lvgl\git_lvgl_v8\lvgl\output\objects\debug\lvgl.simulator\x64\img_lv_demo_music_btn_prev_large.obj
d:\lvgl\git_lvgl_v8\lvgl\output\objects\debug\lvgl.simulator\x64\img_lv_demo_music_icon_3_large.obj
d:\lvgl\git_lvgl_v8\lvgl\output\objects\debug\lvgl.simulator\x64\img_lv_demo_music_wave_bottom.obj
d:\lvgl\git_lvgl_v8\lvgl\output\objects\debug\lvgl.simulator\x64\lv_ui_entry.obj
d:\lvgl\git_lvgl_v8\lvgl\output\objects\debug\lvgl.simulator\x64\img_emoji_f617.obj
d:\lvgl\git_lvgl_v8\lvgl\output\objects\debug\lvgl.simulator\x64\img_cogwheel_chroma_keyed.obj
d:\lvgl\git_lvgl_v8\lvgl\output\objects\debug\lvgl.simulator\x64\lv_example_flex_4.obj
d:\lvgl\git_lvgl_v8\lvgl\output\objects\debug\lvgl.simulator\x64\img_bulb_gif.obj
d:\lvgl\git_lvgl_v8\lvgl\output\objects\debug\lvgl.simulator\x64\lv_example_monkey_3.obj
d:\lvgl\git_lvgl_v8\lvgl\output\objects\debug\lvgl.simulator\x64\lv_example_style_10.obj
d:\lvgl\git_lvgl_v8\lvgl\output\objects\debug\lvgl.simulator\x64\lv_example_arc_2.obj
d:\lvgl\git_lvgl_v8\lvgl\output\objects\debug\lvgl.simulator\x64\lv_example_canvas_2.obj
d:\lvgl\git_lvgl_v8\lvgl\output\objects\debug\lvgl.simulator\x64\lv_example_imgbtn_1.obj
d:\lvgl\git_lvgl_v8\lvgl\output\objects\debug\lvgl.simulator\x64\lv_example_meter_1.obj
d:\lvgl\git_lvgl_v8\lvgl\output\objects\debug\lvgl.simulator\x64\lv_example_spinbox_1.obj
d:\lvgl\git_lvgl_v8\lvgl\output\objects\debug\lvgl.simulator\x64\lv_indev_scroll.obj
d:\lvgl\git_lvgl_v8\lvgl\output\objects\debug\lvgl.simulator\x64\lv_draw_vglite_blend.obj
d:\lvgl\git_lvgl_v8\lvgl\output\objects\debug\lvgl.simulator\x64\lv_draw_sdl_bg.obj
d:\lvgl\git_lvgl_v8\lvgl\output\objects\debug\lvgl.simulator\x64\lv_gpu_stm32_dma2d.obj
d:\lvgl\git_lvgl_v8\lvgl\output\objects\debug\lvgl.simulator\x64\lv_draw_layer.obj
d:\lvgl\git_lvgl_v8\lvgl\output\objects\debug\lvgl.simulator\x64\gifdec.obj
d:\lvgl\git_lvgl_v8\lvgl\output\objects\debug\lvgl.simulator\x64\lv_fragment.obj
d:\lvgl\git_lvgl_v8\lvgl\output\objects\debug\lvgl.simulator\x64\lv_imgfont.obj
d:\lvgl\git_lvgl_v8\lvgl\output\objects\debug\lvgl.simulator\x64\lv_menu.obj
d:\lvgl\git_lvgl_v8\lvgl\output\objects\debug\lvgl.simulator\x64\lv_font_fmt_txt.obj
d:\lvgl\git_lvgl_v8\lvgl\output\objects\debug\lvgl.simulator\x64\lv_font_montserrat_24.obj
d:\lvgl\git_lvgl_v8\lvgl\output\objects\debug\lvgl.simulator\x64\lv_font_simsun_16_cjk.obj
d:\lvgl\git_lvgl_v8\lvgl\output\objects\debug\lvgl.simulator\x64\test_bar.obj
d:\lvgl\git_lvgl_v8\lvgl\output\objects\debug\lvgl.simulator\x64\test_mem.obj
d:\lvgl\git_lvgl_v8\lvgl\output\objects\debug\lvgl.simulator\x64\drm.obj
d:\lvgl\git_lvgl_v8\lvgl\output\objects\debug\lvgl.simulator\x64\xkb.obj
d:\lvgl\git_lvgl_v8\lvgl\output\objects\debug\lvgl.simulator\x64\lv_font_montserratmedium_34.obj
d:\lvgl\git_lvgl_v8\lvgl\output\objects\debug\lvgl.simulator\x64\coffeepour_animimg_coffeef09.obj
d:\lvgl\git_lvgl_v8\lvgl\output\objects\debug\lvgl.simulator\x64\coffeepour_animimg_coffeef24.obj
d:\lvgl\git_lvgl_v8\lvgl\output\objects\debug\lvgl.simulator\x64\_my_alpha_100x100.obj
d:\lvgl\git_lvgl_v8\lvgl\output\objects\debug\lvgl.simulator\x64\ftinit.obj
d:\lvgl\git_lvgl_v8\lvgl\output\objects\debug\lvgl.simulator\x64\ftlzw.obj
d:\lvgl\git_lvgl_v8\lvgl\output\objects\debug\lvgl.simulator\x64\type1.obj
d:\lvgl\git_lvgl_v8\lvgl\output\objects\debug\lvgl.simulator\x64\img_lv_demo_music_btn_list_pause_large.obj
d:\lvgl\git_lvgl_v8\lvgl\output\objects\debug\lvgl.simulator\x64\img_lv_demo_music_btn_prev.obj
d:\lvgl\git_lvgl_v8\lvgl\output\objects\debug\lvgl.simulator\x64\img_lv_demo_music_icon_3.obj
d:\lvgl\git_lvgl_v8\lvgl\output\objects\debug\lvgl.simulator\x64\lv_demo_music_main.obj
d:\lvgl\git_lvgl_v8\lvgl\output\objects\debug\lvgl.simulator\x64\animimg001.obj
d:\lvgl\git_lvgl_v8\lvgl\output\objects\debug\lvgl.simulator\x64\lv_example_get_started_3.obj
d:\lvgl\git_lvgl_v8\lvgl\output\objects\debug\lvgl.simulator\x64\lv_example_ffmpeg_2.obj
d:\lvgl\git_lvgl_v8\lvgl\output\objects\debug\lvgl.simulator\x64\lv_example_gridnav_4.obj
d:\lvgl\git_lvgl_v8\lvgl\output\objects\debug\lvgl.simulator\x64\lv_example_scroll_4.obj
d:\lvgl\git_lvgl_v8\lvgl\output\objects\debug\lvgl.simulator\x64\lv_example_style_8.obj
d:\lvgl\git_lvgl_v8\lvgl\output\objects\debug\lvgl.simulator\x64\lv_example_btnmatrix_2.obj
d:\lvgl\git_lvgl_v8\lvgl\output\objects\debug\lvgl.simulator\x64\lv_example_colorwheel_1.obj
d:\lvgl\git_lvgl_v8\lvgl\output\objects\debug\lvgl.simulator\x64\lv_example_list_1.obj
d:\lvgl\git_lvgl_v8\lvgl\output\objects\debug\lvgl.simulator\x64\lv_example_roller_2.obj
d:\lvgl\git_lvgl_v8\lvgl\output\objects\debug\lvgl.simulator\x64\lv_example_textarea_3.obj
d:\lvgl\git_lvgl_v8\lvgl\output\objects\debug\lvgl.simulator\x64\lv_gpu_arm2d.obj
d:\lvgl\git_lvgl_v8\lvgl\output\objects\debug\lvgl.simulator\x64\lv_draw_sdl_texture_cache.obj
d:\lvgl\git_lvgl_v8\lvgl\output\objects\debug\lvgl.simulator\x64\lv_gpu_swm341_dma2d.obj
d:\lvgl\git_lvgl_v8\lvgl\output\objects\debug\lvgl.simulator\x64\lv_bmp.obj
d:\lvgl\git_lvgl_v8\lvgl\output\objects\debug\lvgl.simulator\x64\lv_gridnav.obj
d:\lvgl\git_lvgl_v8\lvgl\output\objects\debug\lvgl.simulator\x64\lv_imgbtn.obj
d:\lvgl\git_lvgl_v8\lvgl\output\objects\debug\lvgl.simulator\x64\lv_font_dejavu_16_persian_hebrew.obj
d:\lvgl\git_lvgl_v8\lvgl\output\objects\debug\lvgl.simulator\x64\lv_font_montserrat_38.obj
d:\lvgl\git_lvgl_v8\lvgl\output\objects\debug\lvgl.simulator\x64\lv_ll.obj
d:\lvgl\git_lvgl_v8\lvgl\output\objects\debug\lvgl.simulator\x64\lv_tlsf.obj
d:\lvgl\git_lvgl_v8\lvgl\output\objects\debug\lvgl.simulator\x64\lv_table.obj
d:\lvgl\git_lvgl_v8\lvgl\output\objects\debug\lvgl.simulator\x64\sharp_mip.obj
d:\lvgl\git_lvgl_v8\lvgl\output\objects\debug\lvgl.simulator\x64\lv_font_arial_11.obj
d:\lvgl\git_lvgl_v8\lvgl\output\objects\debug\lvgl.simulator\x64\coffeepour_animimg_coffeef01.obj
d:\lvgl\git_lvgl_v8\lvgl\output\objects\debug\lvgl.simulator\x64\coffeepour_animimg_coffeef17.obj
d:\lvgl\git_lvgl_v8\lvgl\output\objects\debug\lvgl.simulator\x64\_logo_alpha_60x20.obj
d:\lvgl\git_lvgl_v8\lvgl\output\objects\debug\lvgl.simulator\x64\ftbitmap.obj
d:\lvgl\git_lvgl_v8\lvgl\output\objects\debug\lvgl.simulator\x64\fttype1.obj
d:\lvgl\git_lvgl_v8\lvgl\output\objects\debug\lvgl.simulator\x64\svg.obj
d:\lvgl\git_lvgl_v8\lvgl\output\objects\debug\lvgl.simulator\x64\lv_demo_benchmark.obj
d:\lvgl\git_lvgl_v8\lvgl\output\objects\debug\lvgl.simulator\x64\img_lv_demo_music_corner_right.obj
d:\lvgl\git_lvgl_v8\lvgl\output\objects\debug\lvgl.simulator\x64\img_lv_demo_music_icon_1_large.obj
d:\lvgl\git_lvgl_v8\lvgl\output\objects\debug\lvgl.simulator\x64\lv_demo_music_list.obj
d:\lvgl\git_lvgl_v8\lvgl\output\objects\debug\lvgl.simulator\x64\lv_example_anim_3.obj
d:\lvgl\git_lvgl_v8\lvgl\output\objects\debug\lvgl.simulator\x64\img_cogwheel_argb.obj
d:\lvgl\git_lvgl_v8\lvgl\output\objects\debug\lvgl.simulator\x64\lv_example_flex_5.obj
d:\lvgl\git_lvgl_v8\lvgl\output\objects\debug\lvgl.simulator\x64\lv_example_qrcode_1.obj
d:\lvgl\git_lvgl_v8\lvgl\output\objects\debug\lvgl.simulator\x64\lv_example_monkey_1.obj
d:\lvgl\git_lvgl_v8\lvgl\output\objects\debug\lvgl.simulator\x64\lv_example_style_14.obj
d:\lvgl\git_lvgl_v8\lvgl\output\objects\debug\lvgl.simulator\x64\lv_example_bar_5.obj
d:\lvgl\git_lvgl_v8\lvgl\output\objects\debug\lvgl.simulator\x64\lv_example_chart_5.obj
d:\lvgl\git_lvgl_v8\lvgl\output\objects\debug\lvgl.simulator\x64\lv_example_keyboard_1.obj
d:\lvgl\git_lvgl_v8\lvgl\output\objects\debug\lvgl.simulator\x64\lv_example_meter_3.obj
d:\lvgl\git_lvgl_v8\lvgl\output\objects\debug\lvgl.simulator\x64\lv_example_tabview_1.obj
d:\lvgl\git_lvgl_v8\lvgl\output\objects\debug\lvgl.simulator\x64\lv_obj_style.obj
d:\lvgl\git_lvgl_v8\lvgl\output\objects\debug\lvgl.simulator\x64\lv_draw_sw.obj
d:\lvgl\git_lvgl_v8\lvgl\output\objects\debug\lvgl.simulator\x64\lv_draw_mask.obj
d:\lvgl\git_lvgl_v8\lvgl\output\objects\debug\lvgl.simulator\x64\lv_fs_stdio.obj
d:\lvgl\git_lvgl_v8\lvgl\output\objects\debug\lvgl.simulator\x64\lv_theme_mono.obj
d:\lvgl\git_lvgl_v8\lvgl\output\objects\debug\lvgl.simulator\x64\lv_extra.obj
d:\lvgl\git_lvgl_v8\lvgl\output\objects\debug\lvgl.simulator\x64\lv_font_montserrat_28_compressed.obj
d:\lvgl\git_lvgl_v8\lvgl\output\objects\debug\lvgl.simulator\x64\lv_font_unscii_8.obj
d:\lvgl\git_lvgl_v8\lvgl\output\objects\debug\lvgl.simulator\x64\lv_color.obj
d:\lvgl\git_lvgl_v8\lvgl\output\objects\debug\lvgl.simulator\x64\lv_style_gen.obj
d:\lvgl\git_lvgl_v8\lvgl\output\objects\debug\lvgl.simulator\x64\lv_objx_templ.obj
d:\lvgl\git_lvgl_v8\lvgl\output\objects\debug\lvgl.simulator\x64\lv_switch.obj
d:\lvgl\git_lvgl_v8\lvgl\output\objects\debug\lvgl.simulator\x64\font_2.obj
d:\lvgl\git_lvgl_v8\lvgl\output\objects\debug\lvgl.simulator\x64\gtkdrv.obj
d:\lvgl\git_lvgl_v8\lvgl\output\objects\debug\lvgl.simulator\x64\events_init.obj
d:\lvgl\git_lvgl_v8\lvgl\output\objects\debug\lvgl.simulator\x64\lv_font_montserratmedium_16.obj
d:\lvgl\git_lvgl_v8\lvgl\output\objects\debug\lvgl.simulator\x64\coffeepour_animimg_coffeef15.obj
d:\lvgl\git_lvgl_v8\lvgl\output\objects\debug\lvgl.simulator\x64\coffeepour_animimg_coffeef30.obj
d:\lvgl\git_lvgl_v8\lvgl\output\objects\debug\lvgl.simulator\x64\ftbbox.obj
d:\lvgl\git_lvgl_v8\lvgl\output\objects\debug\lvgl.simulator\x64\ftstroke.obj
d:\lvgl\git_lvgl_v8\lvgl\output\objects\debug\lvgl.simulator\x64\raster.obj
d:\lvgl\git_lvgl_v8\lvgl\output\objects\debug\lvgl.simulator\x64\lv_font_bechmark_montserrat_12_compr_az.c.obj
d:\lvgl\git_lvgl_v8\lvgl\output\objects\debug\lvgl.simulator\x64\img_lv_demo_music_btn_play.obj
d:\lvgl\git_lvgl_v8\lvgl\output\objects\debug\lvgl.simulator\x64\img_lv_demo_music_cover_1_large.obj
d:\lvgl\git_lvgl_v8\lvgl\output\objects\debug\lvgl.simulator\x64\lv_example_grid_6.obj
d:\lvgl\git_lvgl_v8\lvgl\output\objects\debug\lvgl.simulator\x64\lv_example_fragment_2.obj
d:\lvgl\git_lvgl_v8\lvgl\output\objects\debug\lvgl.simulator\x64\lv_port_fs_template.obj
d:\lvgl\git_lvgl_v8\lvgl\output\objects\debug\lvgl.simulator\x64\lv_example_scroll_3.obj
d:\lvgl\git_lvgl_v8\lvgl\output\objects\debug\lvgl.simulator\x64\lv_example_style_7.obj
d:\lvgl\git_lvgl_v8\lvgl\output\objects\debug\lvgl.simulator\x64\lv_example_btnmatrix_1.obj
d:\lvgl\git_lvgl_v8\lvgl\output\objects\debug\lvgl.simulator\x64\lv_example_checkbox_2.obj
d:\lvgl\git_lvgl_v8\lvgl\output\objects\debug\lvgl.simulator\x64\lv_example_led_1.obj
d:\lvgl\git_lvgl_v8\lvgl\output\objects\debug\lvgl.simulator\x64\lv_example_roller_3.obj
d:\lvgl\git_lvgl_v8\lvgl\output\objects\debug\lvgl.simulator\x64\lv_example_win_1.obj
d:\lvgl\git_lvgl_v8\lvgl\output\objects\debug\lvgl.simulator\x64\lv_gpu_nxp_pxp_osa.obj
d:\lvgl\git_lvgl_v8\lvgl\output\objects\debug\lvgl.simulator\x64\lv_gpu_nxp.obj
d:\lvgl\git_lvgl_v8\lvgl\output\objects\debug\lvgl.simulator\x64\lv_draw_sw_arc.obj
d:\lvgl\git_lvgl_v8\lvgl\output\objects\debug\lvgl.simulator\x64\lv_draw_line.obj
d:\lvgl\git_lvgl_v8\lvgl\output\objects\debug\lvgl.simulator\x64\lv_gif.obj
d:\lvgl\git_lvgl_v8\lvgl\output\objects\debug\lvgl.simulator\x64\lv_calendar.obj
d:\lvgl\git_lvgl_v8\lvgl\output\objects\debug\lvgl.simulator\x64\lv_tileview.obj
d:\lvgl\git_lvgl_v8\lvgl\output\objects\debug\lvgl.simulator\x64\lv_font_montserrat_18.obj
d:\lvgl\git_lvgl_v8\lvgl\output\objects\debug\lvgl.simulator\x64\lv_font_montserrat_8.obj
d:\lvgl\git_lvgl_v8\lvgl\output\objects\debug\lvgl.simulator\x64\lv_area.obj
d:\lvgl\git_lvgl_v8\lvgl\output\objects\debug\lvgl.simulator\x64\lv_log.obj
d:\lvgl\git_lvgl_v8\lvgl\output\objects\debug\lvgl.simulator\x64\lv_arc.obj
d:\lvgl\git_lvgl_v8\lvgl\output\objects\debug\lvgl.simulator\x64\test_arc.obj
d:\lvgl\git_lvgl_v8\lvgl\output\objects\debug\lvgl.simulator\x64\test_line.obj
d:\lvgl\git_lvgl_v8\lvgl\output\objects\debug\lvgl.simulator\x64\unity.obj
d:\lvgl\git_lvgl_v8\lvgl\output\objects\debug\lvgl.simulator\x64\libinput.obj
d:\lvgl\git_lvgl_v8\lvgl\output\objects\debug\lvgl.simulator\x64\setup_scr_bluecounter.obj
d:\lvgl\git_lvgl_v8\lvgl\output\objects\debug\lvgl.simulator\x64\coffeepour_animimg_coffeef06.obj
d:\lvgl\git_lvgl_v8\lvgl\output\objects\debug\lvgl.simulator\x64\coffeepour_animimg_coffeef19.obj
d:\lvgl\git_lvgl_v8\lvgl\output\objects\debug\lvgl.simulator\x64\customer_trailing.obj
d:\lvgl\git_lvgl_v8\lvgl\output\objects\debug\lvgl.simulator\x64\ftfstype.obj
d:\lvgl\git_lvgl_v8\lvgl\output\objects\debug\lvgl.simulator\x64\type1cid.obj
d:\lvgl\git_lvgl_v8\lvgl\output\objects\debug\lvgl.simulator\x64\ftdebug.obj
d:\lvgl\git_lvgl_v8\lvgl\output\objects\debug\lvgl.simulator\x64\img_lv_demo_music_btn_list_play_large.obj
d:\lvgl\git_lvgl_v8\lvgl\output\objects\debug\lvgl.simulator\x64\img_lv_demo_music_btn_rnd_large.obj
d:\lvgl\git_lvgl_v8\lvgl\output\objects\debug\lvgl.simulator\x64\img_lv_demo_music_icon_1.obj
d:\lvgl\git_lvgl_v8\lvgl\output\objects\debug\lvgl.simulator\x64\img_lv_demo_music_wave_bottom_large.obj
d:\lvgl\git_lvgl_v8\lvgl\output\objects\debug\lvgl.simulator\x64\imgbtn_right.obj
d:\lvgl\git_lvgl_v8\lvgl\output\objects\debug\lvgl.simulator\x64\img_star.obj
d:\lvgl\git_lvgl_v8\lvgl\output\objects\debug\lvgl.simulator\x64\lv_example_flex_6.obj
d:\lvgl\git_lvgl_v8\lvgl\output\objects\debug\lvgl.simulator\x64\lv_example_rlottie_1.obj
d:\lvgl\git_lvgl_v8\lvgl\output\objects\debug\lvgl.simulator\x64\lv_example_imgfont_1.obj
d:\lvgl\git_lvgl_v8\lvgl\output\objects\debug\lvgl.simulator\x64\lv_example_style_11.obj
d:\lvgl\git_lvgl_v8\lvgl\output\objects\debug\lvgl.simulator\x64\lv_example_bar_1.obj
d:\lvgl\git_lvgl_v8\lvgl\output\objects\debug\lvgl.simulator\x64\lv_example_chart_2.obj
d:\lvgl\git_lvgl_v8\lvgl\output\objects\debug\lvgl.simulator\x64\lv_example_img_3.obj
d:\lvgl\git_lvgl_v8\lvgl\output\objects\debug\lvgl.simulator\x64\lv_example_menu_3.obj
d:\lvgl\git_lvgl_v8\lvgl\output\objects\debug\lvgl.simulator\x64\lv_example_slider_3.obj
d:\lvgl\git_lvgl_v8\lvgl\output\objects\debug\lvgl.simulator\x64\lv_group.obj
d:\lvgl\git_lvgl_v8\lvgl\output\objects\debug\lvgl.simulator\x64\lv_gpu_nxp_pxp.obj
d:\lvgl\git_lvgl_v8\lvgl\output\objects\debug\lvgl.simulator\x64\lv_draw_sdl.obj
d:\lvgl\git_lvgl_v8\lvgl\output\objects\debug\lvgl.simulator\x64\lv_draw_sw_gradient.obj
d:\lvgl\git_lvgl_v8\lvgl\output\objects\debug\lvgl.simulator\x64\lv_draw_label.obj
d:\lvgl\git_lvgl_v8\lvgl\output\objects\debug\lvgl.simulator\x64\lv_fs_posix.obj
d:\lvgl\git_lvgl_v8\lvgl\output\objects\debug\lvgl.simulator\x64\lv_animimg.obj
d:\lvgl\git_lvgl_v8\lvgl\output\objects\debug\lvgl.simulator\x64\lv_spinner.obj
d:\lvgl\git_lvgl_v8\lvgl\output\objects\debug\lvgl.simulator\x64\lv_font_montserrat_26.obj
d:\lvgl\git_lvgl_v8\lvgl\output\objects\debug\lvgl.simulator\x64\lv_font_unscii_16.obj
d:\lvgl\git_lvgl_v8\lvgl\output\objects\debug\lvgl.simulator\x64\lv_lru.obj
d:\lvgl\git_lvgl_v8\lvgl\output\objects\debug\lvgl.simulator\x64\lv_txt.obj
d:\lvgl\git_lvgl_v8\lvgl\output\objects\debug\lvgl.simulator\x64\lv_roller.obj
d:\lvgl\git_lvgl_v8\lvgl\output\objects\debug\lvgl.simulator\x64\test_switch.obj
d:\lvgl\git_lvgl_v8\lvgl\output\objects\debug\lvgl.simulator\x64\gc9a01.obj
d:\lvgl\git_lvgl_v8\lvgl\output\objects\debug\lvgl.simulator\x64\xpt2046.obj
d:\lvgl\git_lvgl_v8\lvgl\output\objects\debug\lvgl.simulator\x64\gui_guider.obj
d:\lvgl\git_lvgl_v8\lvgl\output\objects\debug\lvgl.simulator\x64\coffeepour_animimg_coffeef03.obj
d:\lvgl\git_lvgl_v8\lvgl\output\objects\debug\lvgl.simulator\x64\coffeepour_animimg_coffeef20.obj
d:\lvgl\git_lvgl_v8\lvgl\output\objects\debug\lvgl.simulator\x64\saver_lv_font_simsun_18.obj
d:\lvgl\git_lvgl_v8\lvgl\output\objects\debug\lvgl.simulator\x64\sdf.obj
d:\lvgl\git_lvgl_v8\lvgl\output\objects\debug\lvgl.simulator\x64\img_benchmark_cogwheel_chroma_keyed.obj
d:\lvgl\git_lvgl_v8\lvgl\output\objects\debug\lvgl.simulator\x64\img_lv_demo_music_btn_pause_large.obj
d:\lvgl\git_lvgl_v8\lvgl\output\objects\debug\lvgl.simulator\x64\img_lv_demo_music_list_border.obj
d:\lvgl\git_lvgl_v8\lvgl\output\objects\debug\lvgl.simulator\x64\img_clothes.obj
d:\lvgl\git_lvgl_v8\lvgl\output\objects\debug\lvgl.simulator\x64\animimg003.obj
d:\lvgl\git_lvgl_v8\lvgl\output\objects\debug\lvgl.simulator\x64\lv_example_event_3.obj
d:\lvgl\git_lvgl_v8\lvgl\output\objects\debug\lvgl.simulator\x64\lv_example_grid_4.obj
d:\lvgl\git_lvgl_v8\lvgl\output\objects\debug\lvgl.simulator\x64\lv_example_gridnav_1.obj
d:\lvgl\git_lvgl_v8\lvgl\output\objects\debug\lvgl.simulator\x64\lv_port_indev_template.obj
d:\lvgl\git_lvgl_v8\lvgl\output\objects\debug\lvgl.simulator\x64\lv_example_scroll_5.obj
d:\lvgl\git_lvgl_v8\lvgl\output\objects\debug\lvgl.simulator\x64\lv_example_animimg_1.obj
d:\lvgl\git_lvgl_v8\lvgl\output\objects\debug\lvgl.simulator\x64\lv_example_canvas_1.obj
d:\lvgl\git_lvgl_v8\lvgl\output\objects\debug\lvgl.simulator\x64\lv_example_dropdown_2.obj
d:\lvgl\git_lvgl_v8\lvgl\output\objects\debug\lvgl.simulator\x64\lv_example_list_2.obj
d:\lvgl\git_lvgl_v8\lvgl\output\objects\debug\lvgl.simulator\x64\lv_example_slider_1.obj
d:\lvgl\git_lvgl_v8\lvgl\output\objects\debug\lvgl.simulator\x64\lv_disp.obj
d:\lvgl\git_lvgl_v8\lvgl\output\objects\debug\lvgl.simulator\x64\lv_obj_draw.obj
d:\lvgl\git_lvgl_v8\lvgl\output\objects\debug\lvgl.simulator\x64\lv_draw_sdl_composite.obj
d:\lvgl\git_lvgl_v8\lvgl\output\objects\debug\lvgl.simulator\x64\lv_draw_sw_dither.obj
d:\lvgl\git_lvgl_v8\lvgl\output\objects\debug\lvgl.simulator\x64\lv_draw_img.obj
d:\lvgl\git_lvgl_v8\lvgl\output\objects\debug\lvgl.simulator\x64\lv_freetype.obj
d:\lvgl\git_lvgl_v8\lvgl\output\objects\debug\lvgl.simulator\x64\lv_monkey.obj
d:\lvgl\git_lvgl_v8\lvgl\output\objects\debug\lvgl.simulator\x64\lv_meter.obj
d:\lvgl\git_lvgl_v8\lvgl\output\objects\debug\lvgl.simulator\x64\lv_font_montserrat_12_subpx.obj
d:\lvgl\git_lvgl_v8\lvgl\output\objects\debug\lvgl.simulator\x64\lv_font_montserrat_44.obj
d:\lvgl\git_lvgl_v8\lvgl\output\objects\debug\lvgl.simulator\x64\lv_templ.obj
d:\lvgl\git_lvgl_v8\lvgl\output\objects\debug\lvgl.simulator\x64\lv_btn.obj
d:\lvgl\git_lvgl_v8\lvgl\output\objects\debug\lvgl.simulator\x64\lv_textarea.obj
d:\lvgl\git_lvgl_v8\lvgl\output\objects\debug\lvgl.simulator\x64\ssd1963.obj
d:\lvgl\git_lvgl_v8\lvgl\output\objects\debug\lvgl.simulator\x64\sdl_gpu.obj
d:\lvgl\git_lvgl_v8\lvgl\output\objects\debug\lvgl.simulator\x64\coffee_gui_guider.obj
d:\lvgl\git_lvgl_v8\lvgl\output\objects\debug\lvgl.simulator\x64\coffeepour_animimg_coffeef07.obj
d:\lvgl\git_lvgl_v8\lvgl\output\objects\debug\lvgl.simulator\x64\coffeepour_animimg_coffeef22.obj
d:\lvgl\git_lvgl_v8\lvgl\output\objects\debug\lvgl.simulator\x64\customer.obj
d:\lvgl\git_lvgl_v8\lvgl\output\objects\debug\lvgl.simulator\x64\ftgasp.obj
d:\lvgl\git_lvgl_v8\lvgl\output\objects\debug\lvgl.simulator\x64\cff.obj
d:\lvgl\git_lvgl_v8\lvgl\output\objects\debug\lvgl.simulator\x64\img_lv_demo_music_btn_list_pause.obj
d:\lvgl\git_lvgl_v8\lvgl\output\objects\debug\lvgl.simulator\x64\img_lv_demo_music_btn_pause.obj
d:\lvgl\git_lvgl_v8\lvgl\output\objects\debug\lvgl.simulator\x64\img_lv_demo_music_icon_4.obj
d:\lvgl\git_lvgl_v8\lvgl\output\objects\debug\lvgl.simulator\x64\img_lv_demo_music_wave_top_large.obj
d:\lvgl\git_lvgl_v8\lvgl\output\objects\debug\lvgl.simulator\x64\imgbtn_mid.obj
d:\lvgl\git_lvgl_v8\lvgl\output\objects\debug\lvgl.simulator\x64\lv_example_event_1.obj
d:\lvgl\git_lvgl_v8\lvgl\output\objects\debug\lvgl.simulator\x64\lv_example_grid_1.obj
d:\lvgl\git_lvgl_v8\lvgl\output\objects\debug\lvgl.simulator\x64\lv_example_rlottie_2.obj
d:\lvgl\git_lvgl_v8\lvgl\output\objects\debug\lvgl.simulator\x64\lv_example_msg_2.obj
d:\lvgl\git_lvgl_v8\lvgl\output\objects\debug\lvgl.simulator\x64\lv_example_style_12.obj
d:\lvgl\git_lvgl_v8\lvgl\output\objects\debug\lvgl.simulator\x64\lv_example_bar_4.obj
d:\lvgl\git_lvgl_v8\lvgl\output\objects\debug\lvgl.simulator\x64\lv_example_chart_9.obj
d:\lvgl\git_lvgl_v8\lvgl\output\objects\debug\lvgl.simulator\x64\lv_example_label_4.obj
d:\lvgl\git_lvgl_v8\lvgl\output\objects\debug\lvgl.simulator\x64\lv_example_msgbox_1.obj
d:\lvgl\git_lvgl_v8\lvgl\output\objects\debug\lvgl.simulator\x64\lv_example_tabview_2.obj
d:\lvgl\git_lvgl_v8\lvgl\output\objects\debug\lvgl.simulator\x64\lv_draw_pxp_blend.obj
d:\lvgl\git_lvgl_v8\lvgl\output\objects\debug\lvgl.simulator\x64\lv_gpu_nxp_vglite.obj
d:\lvgl\git_lvgl_v8\lvgl\output\objects\debug\lvgl.simulator\x64\lv_draw_sdl_layer.obj
d:\lvgl\git_lvgl_v8\lvgl\output\objects\debug\lvgl.simulator\x64\lv_draw_sw_letter.obj
d:\lvgl\git_lvgl_v8\lvgl\output\objects\debug\lvgl.simulator\x64\lv_img_buf.obj
d:\lvgl\git_lvgl_v8\lvgl\output\objects\debug\lvgl.simulator\x64\lv_qrcode.obj
d:\lvgl\git_lvgl_v8\lvgl\output\objects\debug\lvgl.simulator\x64\lv_calendar_header_arrow.obj
d:\lvgl\git_lvgl_v8\lvgl\output\objects\debug\lvgl.simulator\x64\lv_span.obj
d:\lvgl\git_lvgl_v8\lvgl\output\objects\debug\lvgl.simulator\x64\lv_font_montserrat_20.obj
d:\lvgl\git_lvgl_v8\lvgl\output\objects\debug\lvgl.simulator\x64\lv_font_montserrat_48.obj
d:\lvgl\git_lvgl_v8\lvgl\output\objects\debug\lvgl.simulator\x64\lv_canvas.obj
d:\lvgl\git_lvgl_v8\lvgl\output\objects\debug\lvgl.simulator\x64\test_config.obj
d:\lvgl\git_lvgl_v8\lvgl\output\objects\debug\lvgl.simulator\x64\test_dropdown.obj
d:\lvgl\git_lvgl_v8\lvgl\output\objects\debug\lvgl.simulator\x64\test_table.obj
d:\lvgl\git_lvgl_v8\lvgl\output\objects\debug\lvgl.simulator\x64\fbdev.obj
d:\lvgl\git_lvgl_v8\lvgl\output\objects\debug\lvgl.simulator\x64\sdl_common.obj
d:\lvgl\git_lvgl_v8\lvgl\output\objects\debug\lvgl.simulator\x64\lv_font_arial_18.obj
d:\lvgl\git_lvgl_v8\lvgl\output\objects\debug\lvgl.simulator\x64\coffeepour_animimg_coffeef13.obj
d:\lvgl\git_lvgl_v8\lvgl\output\objects\debug\lvgl.simulator\x64\coffeepour_animimg_coffeef28.obj
d:\lvgl\git_lvgl_v8\lvgl\output\objects\debug\lvgl.simulator\x64\ftbase.obj
d:\lvgl\git_lvgl_v8\lvgl\output\objects\debug\lvgl.simulator\x64\dlgwrap.obj
d:\lvgl\git_lvgl_v8\lvgl\output\objects\debug\lvgl.simulator\x64\pcf.obj
d:\lvgl\git_lvgl_v8\lvgl\output\objects\debug\lvgl.simulator\x64\lv_demo_keypad_encoder.obj
d:\lvgl\git_lvgl_v8\lvgl\output\objects\debug\lvgl.simulator\x64\img_lv_demo_music_btn_loop_large.obj
d:\lvgl\git_lvgl_v8\lvgl\output\objects\debug\lvgl.simulator\x64\img_lv_demo_music_cover_2.obj
d:\lvgl\git_lvgl_v8\lvgl\output\objects\debug\lvgl.simulator\x64\img_lv_demo_music_slider_knob.obj
d:\lvgl\git_lvgl_v8\lvgl\output\objects\debug\lvgl.simulator\x64\img_lvgl_logo.obj
d:\lvgl\git_lvgl_v8\lvgl\output\objects\debug\lvgl.simulator\x64\imgbtn_left.obj
d:\lvgl\git_lvgl_v8\lvgl\output\objects\debug\lvgl.simulator\x64\img_skew_strip.obj
d:\lvgl\git_lvgl_v8\lvgl\output\objects\debug\lvgl.simulator\x64\lv_example_flex_3.obj
d:\lvgl\git_lvgl_v8\lvgl\output\objects\debug\lvgl.simulator\x64\lv_example_gif_1.obj
d:\lvgl\git_lvgl_v8\lvgl\output\objects\debug\lvgl.simulator\x64\lv_example_monkey_2.obj
d:\lvgl\git_lvgl_v8\lvgl\output\objects\debug\lvgl.simulator\x64\lv_example_style_2.obj
d:\lvgl\git_lvgl_v8\lvgl\output\objects\debug\lvgl.simulator\x64\lv_example_bar_6.obj
d:\lvgl\git_lvgl_v8\lvgl\output\objects\debug\lvgl.simulator\x64\lv_example_chart_8.obj
d:\lvgl\git_lvgl_v8\lvgl\output\objects\debug\lvgl.simulator\x64\lv_example_label_3.obj
d:\lvgl\git_lvgl_v8\lvgl\output\objects\debug\lvgl.simulator\x64\lv_example_meter_4.obj
d:\lvgl\git_lvgl_v8\lvgl\output\objects\debug\lvgl.simulator\x64\lv_example_textarea_1.obj
d:\lvgl\git_lvgl_v8\lvgl\output\objects\debug\lvgl.simulator\x64\lv_obj_style_gen.obj
d:\lvgl\git_lvgl_v8\lvgl\output\objects\debug\lvgl.simulator\x64\lv_draw_sdl_label.obj
d:\lvgl\git_lvgl_v8\lvgl\output\objects\debug\lvgl.simulator\x64\lv_draw_sw_img.obj
d:\lvgl\git_lvgl_v8\lvgl\output\objects\debug\lvgl.simulator\x64\lv_draw_rect.obj
d:\lvgl\git_lvgl_v8\lvgl\output\objects\debug\lvgl.simulator\x64\lv_rlottie.obj
d:\lvgl\git_lvgl_v8\lvgl\output\objects\debug\lvgl.simulator\x64\lv_chart.obj
d:\lvgl\git_lvgl_v8\lvgl\output\objects\debug\lvgl.simulator\x64\lv_font_montserrat_12.obj
d:\lvgl\git_lvgl_v8\lvgl\output\objects\debug\lvgl.simulator\x64\lv_font_montserrat_36.obj
d:\lvgl\git_lvgl_v8\lvgl\output\objects\debug\lvgl.simulator\x64\lv_bidi.obj
d:\lvgl\git_lvgl_v8\lvgl\output\objects\debug\lvgl.simulator\x64\lv_utils.obj
d:\lvgl\git_lvgl_v8\lvgl\output\objects\debug\lvgl.simulator\x64\lv_img.obj
d:\lvgl\git_lvgl_v8\lvgl\output\objects\debug\lvgl.simulator\x64\test_event.obj
d:\lvgl\git_lvgl_v8\lvgl\output\objects\debug\lvgl.simulator\x64\unity_support.obj
d:\lvgl\git_lvgl_v8\lvgl\output\objects\debug\lvgl.simulator\x64\uc1610.obj
d:\lvgl\git_lvgl_v8\lvgl\output\objects\debug\lvgl.simulator\x64\lv_font_arial_34.obj
d:\lvgl\git_lvgl_v8\lvgl\output\objects\debug\lvgl.simulator\x64\coffeepour_animimg_coffeef10.obj
d:\lvgl\git_lvgl_v8\lvgl\output\objects\debug\lvgl.simulator\x64\coffeepour_animimg_coffeef25.obj
d:\lvgl\git_lvgl_v8\lvgl\output\objects\debug\lvgl.simulator\x64\user_gui_guider.obj
d:\lvgl\git_lvgl_v8\lvgl\output\objects\debug\lvgl.simulator\x64\ftmm.obj
d:\lvgl\git_lvgl_v8\lvgl\output\objects\debug\lvgl.simulator\x64\pshinter.obj
d:\lvgl\git_lvgl_v8\lvgl\output\objects\debug\lvgl.simulator\x64\img_benchmark_cogwheel_alpha16.obj
d:\lvgl\git_lvgl_v8\lvgl\output\objects\debug\lvgl.simulator\x64\img_lv_demo_music_btn_loop.obj
d:\lvgl\git_lvgl_v8\lvgl\output\objects\debug\lvgl.simulator\x64\img_lv_demo_music_cover_1.obj
d:\lvgl\git_lvgl_v8\lvgl\output\objects\debug\lvgl.simulator\x64\img_lv_demo_music_logo.obj
d:\lvgl\git_lvgl_v8\lvgl\output\objects\debug\lvgl.simulator\x64\lv_demo_widgets.obj
d:\lvgl\git_lvgl_v8\lvgl\output\objects\debug\lvgl.simulator\x64\img_caret_down.obj
d:\lvgl\git_lvgl_v8\lvgl\output\objects\debug\lvgl.simulator\x64\lv_example_event_2.obj
d:\lvgl\git_lvgl_v8\lvgl\output\objects\debug\lvgl.simulator\x64\lv_example_grid_2.obj
d:\lvgl\git_lvgl_v8\lvgl\output\objects\debug\lvgl.simulator\x64\lv_example_fragment_1.obj
d:\lvgl\git_lvgl_v8\lvgl\output\objects\debug\lvgl.simulator\x64\lv_port_disp_template.obj
d:\lvgl\git_lvgl_v8\lvgl\output\objects\debug\lvgl.simulator\x64\lv_example_scroll_2.obj
d:\lvgl\git_lvgl_v8\lvgl\output\objects\debug\lvgl.simulator\x64\lv_example_style_6.obj
d:\lvgl\git_lvgl_v8\lvgl\output\objects\debug\lvgl.simulator\x64\lv_example_calendar_1.obj
d:\lvgl\git_lvgl_v8\lvgl\output\objects\debug\lvgl.simulator\x64\lv_example_dropdown_3.obj
d:\lvgl\git_lvgl_v8\lvgl\output\objects\debug\lvgl.simulator\x64\lv_example_menu_1.obj
d:\lvgl\git_lvgl_v8\lvgl\output\objects\debug\lvgl.simulator\x64\lv_example_slider_2.obj
d:\lvgl\git_lvgl_v8\lvgl\output\objects\debug\lvgl.simulator\x64\lv_event.obj
d:\lvgl\git_lvgl_v8\lvgl\output\objects\debug\lvgl.simulator\x64\lv_obj_pos.obj
d:\lvgl\git_lvgl_v8\lvgl\output\objects\debug\lvgl.simulator\x64\lv_draw_sdl_img.obj
d:\lvgl\git_lvgl_v8\lvgl\output\objects\debug\lvgl.simulator\x64\lv_draw_sw_layer.obj
d:\lvgl\git_lvgl_v8\lvgl\output\objects\debug\lvgl.simulator\x64\lv_grid.obj
d:\lvgl\git_lvgl_v8\lvgl\output\objects\debug\lvgl.simulator\x64\tjpgd.obj
d:\lvgl\git_lvgl_v8\lvgl\output\objects\debug\lvgl.simulator\x64\lv_fragment_manager.obj
d:\lvgl\git_lvgl_v8\lvgl\output\objects\debug\lvgl.simulator\x64\lv_theme_basic.obj
d:\lvgl\git_lvgl_v8\lvgl\output\objects\debug\lvgl.simulator\x64\lv_msgbox.obj
d:\lvgl\git_lvgl_v8\lvgl\output\objects\debug\lvgl.simulator\x64\lv_font_montserrat_16.obj
d:\lvgl\git_lvgl_v8\lvgl\output\objects\debug\lvgl.simulator\x64\lv_font_montserrat_42.obj
d:\lvgl\git_lvgl_v8\lvgl\output\objects\debug\lvgl.simulator\x64\lv_printf.obj
d:\lvgl\git_lvgl_v8\lvgl\output\objects\debug\lvgl.simulator\x64\lv_btnmatrix.obj
d:\lvgl\git_lvgl_v8\lvgl\output\objects\debug\lvgl.simulator\x64\test_demo_widgets.obj
d:\lvgl\git_lvgl_v8\lvgl\output\objects\debug\lvgl.simulator\x64\test_slider.obj
d:\lvgl\git_lvgl_v8\lvgl\output\objects\debug\lvgl.simulator\x64\font_1.obj
d:\lvgl\git_lvgl_v8\lvgl\output\objects\debug\lvgl.simulator\x64\st7565.obj
d:\lvgl\git_lvgl_v8\lvgl\output\objects\debug\lvgl.simulator\x64\win_drv.obj
d:\lvgl\git_lvgl_v8\lvgl\output\objects\debug\lvgl.simulator\x64\coffee_events_init.obj
d:\lvgl\git_lvgl_v8\lvgl\output\objects\debug\lvgl.simulator\x64\coffeepour_animimg_coffeef05.obj
d:\lvgl\git_lvgl_v8\lvgl\output\objects\debug\lvgl.simulator\x64\coffeepour_animimg_coffeef21.obj
d:\lvgl\git_lvgl_v8\lvgl\output\objects\debug\lvgl.simulator\x64\_grute_alpha_100x100.obj
d:\lvgl\git_lvgl_v8\lvgl\output\objects\debug\lvgl.simulator\x64\ftgxval.obj
d:\lvgl\git_lvgl_v8\lvgl\output\objects\debug\lvgl.simulator\x64\ftgzip.obj
d:\lvgl\git_lvgl_v8\lvgl\output\objects\debug\lvgl.simulator\x64\winfnt.obj
d:\lvgl\git_lvgl_v8\lvgl\output\objects\debug\lvgl.simulator\x64\lv_font_bechmark_montserrat_16_compr_az.c.obj
d:\lvgl\git_lvgl_v8\lvgl\output\objects\debug\lvgl.simulator\x64\img_lv_demo_music_corner_right_large.obj
d:\lvgl\git_lvgl_v8\lvgl\output\objects\debug\lvgl.simulator\x64\img_lv_demo_music_cover_3_large.obj
d:\lvgl\git_lvgl_v8\lvgl\output\objects\debug\lvgl.simulator\x64\lv_example_png_1.obj
d:\lvgl\git_lvgl_v8\lvgl\output\objects\debug\lvgl.simulator\x64\lv_example_msg_1.obj
d:\lvgl\git_lvgl_v8\lvgl\output\objects\debug\lvgl.simulator\x64\lv_example_style_13.obj
d:\lvgl\git_lvgl_v8\lvgl\output\objects\debug\lvgl.simulator\x64\lv_example_btn_1.obj
d:\lvgl\git_lvgl_v8\lvgl\output\objects\debug\lvgl.simulator\x64\lv_example_chart_7.obj
d:\lvgl\git_lvgl_v8\lvgl\output\objects\debug\lvgl.simulator\x64\lv_example_label_2.obj
d:\lvgl\git_lvgl_v8\lvgl\output\objects\debug\lvgl.simulator\x64\lv_example_obj_2.obj
d:\lvgl\git_lvgl_v8\lvgl\output\objects\debug\lvgl.simulator\x64\lv_example_textarea_2.obj
d:\lvgl\git_lvgl_v8\lvgl\output\objects\debug\lvgl.simulator\x64\lv_obj_tree.obj
d:\lvgl\git_lvgl_v8\lvgl\output\objects\debug\lvgl.simulator\x64\lv_draw_sdl_mask.obj
d:\lvgl\git_lvgl_v8\lvgl\output\objects\debug\lvgl.simulator\x64\lv_draw_sw_polygon.obj
d:\lvgl\git_lvgl_v8\lvgl\output\objects\debug\lvgl.simulator\x64\lv_img_cache.obj
d:\lvgl\git_lvgl_v8\lvgl\output\objects\debug\lvgl.simulator\x64\qrcodegen.obj
d:\lvgl\git_lvgl_v8\lvgl\output\objects\debug\lvgl.simulator\x64\lv_ime_pinyin.obj
d:\lvgl\git_lvgl_v8\lvgl\output\objects\debug\lvgl.simulator\x64\lv_led.obj
d:\lvgl\git_lvgl_v8\lvgl\output\objects\debug\lvgl.simulator\x64\lv_font_montserrat_10.obj
d:\lvgl\git_lvgl_v8\lvgl\output\objects\debug\lvgl.simulator\x64\lv_font_montserrat_34.obj
d:\lvgl\git_lvgl_v8\lvgl\output\objects\debug\lvgl.simulator\x64\lv_anim_timeline.obj
d:\lvgl\git_lvgl_v8\lvgl\output\objects\debug\lvgl.simulator\x64\lv_math.obj
d:\lvgl\git_lvgl_v8\lvgl\output\objects\debug\lvgl.simulator\x64\lv_timer.obj
d:\lvgl\git_lvgl_v8\lvgl\output\objects\debug\lvgl.simulator\x64\lv_line.obj
d:\lvgl\git_lvgl_v8\lvgl\output\objects\debug\lvgl.simulator\x64\test_style.obj
d:\lvgl\git_lvgl_v8\lvgl\output\objects\debug\lvgl.simulator\x64\lv_test_indev.obj
d:\lvgl\git_lvgl_v8\lvgl\output\objects\debug\lvgl.simulator\x64\wayland.obj
d:\lvgl\git_lvgl_v8\lvgl\output\objects\debug\lvgl.simulator\x64\coffee_setup_scr_coffeepour.obj
d:\lvgl\git_lvgl_v8\lvgl\output\objects\debug\lvgl.simulator\x64\coffeepour_animimg_coffeef08.obj
d:\lvgl\git_lvgl_v8\lvgl\output\objects\debug\lvgl.simulator\x64\coffeepour_animimg_coffeef26.obj
d:\lvgl\git_lvgl_v8\lvgl\output\objects\debug\lvgl.simulator\x64\user_setup_scr_screen.obj
d:\lvgl\git_lvgl_v8\lvgl\output\objects\debug\lvgl.simulator\x64\ftpatent.obj
d:\lvgl\git_lvgl_v8\lvgl\output\objects\debug\lvgl.simulator\x64\psaux.obj
d:\lvgl\git_lvgl_v8\lvgl\output\objects\debug\lvgl.simulator\x64\img_lv_demo_music_btn_list_play.obj
d:\lvgl\git_lvgl_v8\lvgl\output\objects\debug\lvgl.simulator\x64\img_lv_demo_music_btn_rnd.obj
d:\lvgl\git_lvgl_v8\lvgl\output\objects\debug\lvgl.simulator\x64\img_lv_demo_music_icon_2.obj
d:\lvgl\git_lvgl_v8\lvgl\output\objects\debug\lvgl.simulator\x64\img_lv_demo_music_wave_top.obj
d:\lvgl\git_lvgl_v8\lvgl\output\objects\debug\lvgl.simulator\x64\lv_example_anim_1.obj
d:\lvgl\git_lvgl_v8\lvgl\output\objects\debug\lvgl.simulator\x64\img_cogwheel_alpha16.obj
d:\lvgl\git_lvgl_v8\lvgl\output\objects\debug\lvgl.simulator\x64\lv_example_event_4.obj
d:\lvgl\git_lvgl_v8\lvgl\output\objects\debug\lvgl.simulator\x64\lv_example_grid_5.obj
d:\lvgl\git_lvgl_v8\lvgl\output\objects\debug\lvgl.simulator\x64\lv_example_sjpg_1.obj
d:\lvgl\git_lvgl_v8\lvgl\output\objects\debug\lvgl.simulator\x64\lv_example_snapshot_1.obj
d:\lvgl\git_lvgl_v8\lvgl\output\objects\debug\lvgl.simulator\x64\lv_example_style_4.obj
d:\lvgl\git_lvgl_v8\lvgl\output\objects\debug\lvgl.simulator\x64\lv_example_btn_2.obj
d:\lvgl\git_lvgl_v8\lvgl\output\objects\debug\lvgl.simulator\x64\lv_example_chart_6.obj
d:\lvgl\git_lvgl_v8\lvgl\output\objects\debug\lvgl.simulator\x64\lv_example_label_1.obj
d:\lvgl\git_lvgl_v8\lvgl\output\objects\debug\lvgl.simulator\x64\lv_example_menu_5.obj
d:\lvgl\git_lvgl_v8\lvgl\output\objects\debug\lvgl.simulator\x64\lv_example_switch_1.obj
d:\lvgl\git_lvgl_v8\lvgl\output\objects\debug\lvgl.simulator\x64\lv_obj_class.obj
d:\lvgl\git_lvgl_v8\lvgl\output\objects\debug\lvgl.simulator\x64\lv_draw_vglite_rect.obj
d:\lvgl\git_lvgl_v8\lvgl\output\objects\debug\lvgl.simulator\x64\lv_draw_sdl_line.obj
d:\lvgl\git_lvgl_v8\lvgl\output\objects\debug\lvgl.simulator\x64\lv_draw_sw_line.obj
d:\lvgl\git_lvgl_v8\lvgl\output\objects\debug\lvgl.simulator\x64\lv_ffmpeg.obj
d:\lvgl\git_lvgl_v8\lvgl\output\objects\debug\lvgl.simulator\x64\lv_snapshot.obj
d:\lvgl\git_lvgl_v8\lvgl\output\objects\debug\lvgl.simulator\x64\lv_list.obj
d:\lvgl\git_lvgl_v8\lvgl\output\objects\debug\lvgl.simulator\x64\lv_font.obj
d:\lvgl\git_lvgl_v8\lvgl\output\objects\debug\lvgl.simulator\x64\lv_font_montserrat_14.obj
d:\lvgl\git_lvgl_v8\lvgl\output\objects\debug\lvgl.simulator\x64\lv_font_montserrat_40.obj
d:\lvgl\git_lvgl_v8\lvgl\output\objects\debug\lvgl.simulator\x64\lv_mem.obj
d:\lvgl\git_lvgl_v8\lvgl\output\objects\debug\lvgl.simulator\x64\lv_dropdown.obj
d:\lvgl\git_lvgl_v8\lvgl\output\objects\debug\lvgl.simulator\x64\test_font_loader.obj
d:\lvgl\git_lvgl_v8\lvgl\output\objects\debug\lvgl.simulator\x64\font_3.obj
d:\lvgl\git_lvgl_v8\lvgl\output\objects\debug\lvgl.simulator\x64\ft5406ee8.obj
d:\lvgl\git_lvgl_v8\lvgl\output\objects\debug\lvgl.simulator\x64\_btn_alpha_65x65.obj
d:\lvgl\git_lvgl_v8\lvgl\output\objects\debug\lvgl.simulator\x64\coffeepour_animimg_coffeef04.obj
d:\lvgl\git_lvgl_v8\lvgl\output\objects\debug\lvgl.simulator\x64\coffeepour_animimg_coffeef18.obj
d:\lvgl\git_lvgl_v8\lvgl\output\objects\debug\lvgl.simulator\x64\circular.obj
d:\lvgl\git_lvgl_v8\lvgl\output\objects\debug\lvgl.simulator\x64\ftcid.obj
d:\lvgl\git_lvgl_v8\lvgl\output\objects\debug\lvgl.simulator\x64\ftwinfnt.obj
d:\lvgl\git_lvgl_v8\lvgl\output\objects\debug\lvgl.simulator\x64\smooth.obj
d:\lvgl\git_lvgl_v8\lvgl\output\objects\debug\lvgl.simulator\x64\img_benchmark_cogwheel_argb.obj
d:\lvgl\git_lvgl_v8\lvgl\output\objects\debug\lvgl.simulator\x64\img_lv_demo_music_corner_left.obj
d:\lvgl\git_lvgl_v8\lvgl\output\objects\debug\lvgl.simulator\x64\img_lv_demo_music_cover_2_large.obj
d:\lvgl\git_lvgl_v8\lvgl\output\objects\debug\lvgl.simulator\x64\lv_example_freetype_1.obj
d:\lvgl\git_lvgl_v8\lvgl\output\objects\debug\lvgl.simulator\x64\lv_example_ime_pinyin_2.obj
d:\lvgl\git_lvgl_v8\lvgl\output\objects\debug\lvgl.simulator\x64\lv_example_style_15.obj
d:\lvgl\git_lvgl_v8\lvgl\output\objects\debug\lvgl.simulator\x64\lv_example_bar_2.obj
d:\lvgl\git_lvgl_v8\lvgl\output\objects\debug\lvgl.simulator\x64\lv_example_chart_4.obj
d:\lvgl\git_lvgl_v8\lvgl\output\objects\debug\lvgl.simulator\x64\lv_example_img_4.obj
d:\lvgl\git_lvgl_v8\lvgl\output\objects\debug\lvgl.simulator\x64\lv_example_menu_4.obj
d:\lvgl\git_lvgl_v8\lvgl\output\objects\debug\lvgl.simulator\x64\lv_example_table_1.obj
d:\lvgl\git_lvgl_v8\lvgl\output\objects\debug\lvgl.simulator\x64\lv_refr.obj
d:\lvgl\git_lvgl_v8\lvgl\output\objects\debug\lvgl.simulator\x64\lv_draw_sdl_utils.obj
d:\lvgl\git_lvgl_v8\lvgl\output\objects\debug\lvgl.simulator\x64\lv_draw_arc.obj
d:\lvgl\git_lvgl_v8\lvgl\output\objects\debug\lvgl.simulator\x64\lv_draw_transform.obj
d:\lvgl\git_lvgl_v8\lvgl\output\objects\debug\lvgl.simulator\x64\lv_fs_win32.obj
d:\lvgl\git_lvgl_v8\lvgl\output\objects\debug\lvgl.simulator\x64\lv_anim.obj
d:\lvgl\git_lvgl_v8\lvgl\output\objects\debug\lvgl.simulator\x64\lv_gc.obj
d:\lvgl\git_lvgl_v8\lvgl\output\objects\debug\lvgl.simulator\x64\lv_checkbox.obj
d:\lvgl\git_lvgl_v8\lvgl\output\objects\debug\lvgl.simulator\x64\test_demo_stress.obj
d:\lvgl\git_lvgl_v8\lvgl\output\objects\debug\lvgl.simulator\x64\test_obj_tree.obj
d:\lvgl\git_lvgl_v8\lvgl\output\objects\debug\lvgl.simulator\x64\test_txt.obj
d:\lvgl\git_lvgl_v8\lvgl\output\objects\debug\lvgl.simulator\x64\r61581.obj
d:\lvgl\git_lvgl_v8\lvgl\output\objects\debug\lvgl.simulator\x64\sdl.obj
d:\lvgl\git_lvgl_v8\lvgl\output\objects\debug\lvgl.simulator\x64\_logo_alpha_37x13.obj
d:\lvgl\git_lvgl_v8\lvgl\output\objects\debug\lvgl.simulator\x64\lv_font_simsun_12.obj
d:\lvgl\git_lvgl_v8\lvgl\output\objects\debug\lvgl.simulator\x64\coffeepour_animimg_coffeef14.obj
d:\lvgl\git_lvgl_v8\lvgl\output\objects\debug\lvgl.simulator\x64\coffeepour_animimg_coffeef29.obj
d:\lvgl\git_lvgl_v8\lvgl\output\objects\debug\lvgl.simulator\x64\autofit.obj
d:\lvgl\git_lvgl_v8\lvgl\output\objects\debug\lvgl.simulator\x64\bdf.obj
d:\lvgl\git_lvgl_v8\lvgl\output\objects\debug\lvgl.simulator\x64\type42.obj
d:\lvgl\git_lvgl_v8\lvgl\output\objects\debug\lvgl.simulator\x64\vc143.pdb
d:\lvgl\git_lvgl_v8\lvgl\output\objects\debug\lvgl.simulator\x64\vc142.pdb
d:\lvgl\git_lvgl_v8\lvgl\output\objects\debug\lvgl.simulator\x64\user_event.obj
d:\lvgl\git_lvgl_v8\lvgl\output\objects\debug\lvgl.simulator\x64\vc143.idb
d:\lvgl\git_lvgl_v8\lvgl\output\objects\debug\lvgl.simulator\x64\lvgl.simulator.obj
d:\lvgl\git_lvgl_v8\lvgl\output\binaries\debug\x64\lvgl.simulator.exe
d:\lvgl\git_lvgl_v8\lvgl\output\objects\debug\lvgl.simulator\x64\lvgl.simulator.ilk
d:\lvgl\git_lvgl_v8\lvgl\output\binaries\debug\x64\lvgl.simulator.pdb
d:\lvgl\git_lvgl_v8\lvgl\output\objects\debug\lvgl.simulator\x64\lvgl.simulator.res
d:\lvgl\git_lvgl_v8\lvgl\output\objects\debug\lvgl.simulator\x64\mile.project.manifest.res
d:\lvgl\git_lvgl_v8\lvgl\output\objects\debug\lvgl.simulator\x64\mile.project.version.res
d:\lvgl\git_lvgl_v8\lvgl\output\objects\debug\lvgl.simulator\x64\vc142.idb
d:\lvgl\git_lvgl_v8\lvgl\output\objects\debug\lvgl.simulator\x64\lvgl.simulator.vcxproj.filelistabsolute.txt
d:\lvgl\git_lvgl_v8\lvgl\output\objects\debug\lvgl.simulator\x64\lvgl.simulator.tlog\cl.command.1.tlog
d:\lvgl\git_lvgl_v8\lvgl\output\objects\debug\lvgl.simulator\x64\lvgl.simulator.tlog\cl.read.1.tlog
d:\lvgl\git_lvgl_v8\lvgl\output\objects\debug\lvgl.simulator\x64\lvgl.simulator.tlog\cl.write.1.tlog
d:\lvgl\git_lvgl_v8\lvgl\output\objects\debug\lvgl.simulator\x64\lvgl.simulator.tlog\link.command.1.tlog
d:\lvgl\git_lvgl_v8\lvgl\output\objects\debug\lvgl.simulator\x64\lvgl.simulator.tlog\link.read.1.tlog
d:\lvgl\git_lvgl_v8\lvgl\output\objects\debug\lvgl.simulator\x64\lvgl.simulator.tlog\link.write.1.tlog
d:\lvgl\git_lvgl_v8\lvgl\output\objects\debug\lvgl.simulator\x64\lvgl.simulator.tlog\rc.command.1.tlog
d:\lvgl\git_lvgl_v8\lvgl\output\objects\debug\lvgl.simulator\x64\lvgl.simulator.tlog\rc.read.1.tlog
d:\lvgl\git_lvgl_v8\lvgl\output\objects\debug\lvgl.simulator\x64\lvgl.simulator.tlog\rc.write.1.tlog
